$ next dev --turbopack
 ⚠ The config property `experimental.turbo` is deprecated. Move this setting to `config.turbopack` or run `npx @next/codemod@latest next-experimental-turbo-to-turbopack .`
   ▲ Next.js 15.5.2 (Turbopack)
   - Local:        http://localhost:3000
   - Network:      http://169.254.0.21:3000
   - Experiments (use with caution):
     · turbo

 ✓ Starting...
 ✓ Ready in 2s
 ○ Compiling / ...
 ✓ Compiled / in 6.2s
 GET / 200 in 7075ms
 ⚠ Cross origin request detected from nice-waves-shake.lindy.site to /_next/* resource. In a future major version of Next.js, you will need to explicitly configure "allowedDevOrigins" in next.config to allow this.
Read more: https://nextjs.org/docs/app/api-reference/config/next-config-js/allowedDevOrigins
 ✓ Compiled in 434ms
 ⚠ Fast Refresh had to perform a full reload due to a runtime error.
 GET / 200 in 702ms
 ○ Compiling /favicon.ico ...
 ✓ Compiled /favicon.ico in 919ms
 GET /favicon.ico?favicon.bf3c9292.ico 200 in 1353ms
 ○ Compiling /tasks ...
 ✓ Compiled /tasks in 865ms
 GET /tasks 200 in 980ms
 ○ Compiling /leaderboard ...
 ✓ Compiled /leaderboard in 675ms
 GET /leaderboard 200 in 772ms
 ○ Compiling /profile ...
 ✓ Compiled /profile in 715ms
 GET /profile 200 in 822ms
 ○ Compiling /settings ...
 ✓ Compiled /settings in 1202ms
 GET /settings 200 in 1308ms
 ○ Compiling /_not-found/page ...
 ✓ Compiled /_not-found/page in 504ms
 GET /dashboard 404 in 666ms
 GET /tasks 200 in 132ms
 GET /leaderboard 200 in 115ms
 ○ Compiling /teams ...
 GET /teams 200 in 944ms
 ✓ Compiled /teams in 1265ms
 GET /calendar 200 in 966ms
 GET /dashboard 404 in 96ms
 GET /dashboard 404 in 136ms
 GET /calendar 200 in 229ms
 GET /tasks 200 in 145ms
 GET /leaderboard 200 in 128ms
 GET /teams 200 in 135ms
 GET /calendar 200 in 143ms
 ○ Compiling /courses ...
 ✓ Compiled /courses in 682ms
 GET /courses 200 in 799ms
 GET /dashboard 404 in 128ms
 GET /dashboard 404 in 195ms
 GET /courses 200 in 288ms
 GET /profile 200 in 124ms
 GET /settings 200 in 125ms
 GET /settings 200 in 117ms
 GET /tasks 200 in 134ms
 ⨯ ./app/layout.tsx:6:1
Module not found: Can't resolve '@/components/etw/global-chat'
[0m [90m 4 |[39m [36mimport[39m { [33mChatProvider[39m } [36mfrom[39m [32m'@/components/etw/chat-provider'[39m
 [90m 5 |[39m [36mimport[39m { [33mFloatingChat[39m } [36mfrom[39m [32m'@/components/etw/floating-chat'[39m
[31m[1m>[22m[39m[90m 6 |[39m [36mimport[39m { [33mGlobalChat[39m } [36mfrom[39m [32m'@/components/etw/global-chat'[39m
 [90m   |[39m [31m[1m^[22m[39m[31m[1m^[22m[39m[31m[1m^[22m[39m[31m[1m^[22m[39m[31m[1m^[22m[39m[31m[1m^[22m[39m[31m[1m^[22m[39m[31m[1m^[22m[39m[31m[1m^[22m[39m[31m[1m^[22m[39m[31m[1m^[22m[39m[31m[1m^[22m[39m[31m[1m^[22m[39m[31m[1m^[22m[39m[31m[1m^[22m[39m[31m[1m^[22m[39m[31m[1m^[22m[39m[31m[1m^[22m[39m[31m[1m^[22m[39m[31m[1m^[22m[39m[31m[1m^[22m[39m[31m[1m^[22m[39m[31m[1m^[22m[39m[31m[1m^[22m[39m[31m[1m^[22m[39m[31m[1m^[22m[39m[31m[1m^[22m[39m[31m[1m^[22m[39m[31m[1m^[22m[39m[31m[1m^[22m[39m[31m[1m^[22m[39m[31m[1m^[22m[39m[31m[1m^[22m[39m[31m[1m^[22m[39m[31m[1m^[22m[39m[31m[1m^[22m[39m[31m[1m^[22m[39m[31m[1m^[22m[39m[31m[1m^[22m[39m[31m[1m^[22m[39m[31m[1m^[22m[39m[31m[1m^[22m[39m[31m[1m^[22m[39m[31m[1m^[22m[39m[31m[1m^[22m[39m[31m[1m^[22m[39m[31m[1m^[22m[39m[31m[1m^[22m[39m[31m[1m^[22m[39m[31m[1m^[22m[39m[31m[1m^[22m[39m[31m[1m^[22m[39m[31m[1m^[22m[39m[31m[1m^[22m[39m[31m[1m^[22m[39m[31m[1m^[22m[39m[31m[1m^[22m[39m
 [90m 7 |[39m
 [90m 8 |[39m [36mconst[39m inter [33m=[39m [33mInter[39m({ subsets[33m:[39m [[32m'latin'[39m][33m,[39m variable[33m:[39m [32m'--font-inter'[39m })
 [90m 9 |[39m [36mconst[39m poppins [33m=[39m [33mPoppins[39m({ [0m

Import map: aliased to relative './components/etw/global-chat' inside of [project]/


https://nextjs.org/docs/messages/module-not-found


 ⨯ ./app/layout.tsx:6:1
Module not found: Can't resolve '@/components/etw/global-chat'
[0m [90m 4 |[39m [36mimport[39m { [33mChatProvider[39m } [36mfrom[39m [32m'@/components/etw/chat-provider'[39m
 [90m 5 |[39m [36mimport[39m { [33mFloatingChat[39m } [36mfrom[39m [32m'@/components/etw/floating-chat'[39m
[31m[1m>[22m[39m[90m 6 |[39m [36mimport[39m { [33mGlobalChat[39m } [36mfrom[39m [32m'@/components/etw/global-chat'[39m
 [90m   |[39m [31m[1m^[22m[39m[31m[1m^[22m[39m[31m[1m^[22m[39m[31m[1m^[22m[39m[31m[1m^[22m[39m[31m[1m^[22m[39m[31m[1m^[22m[39m[31m[1m^[22m[39m[31m[1m^[22m[39m[31m[1m^[22m[39m[31m[1m^[22m[39m[31m[1m^[22m[39m[31m[1m^[22m[39m[31m[1m^[22m[39m[31m[1m^[22m[39m[31m[1m^[22m[39m[31m[1m^[22m[39m[31m[1m^[22m[39m[31m[1m^[22m[39m[31m[1m^[22m[39m[31m[1m^[22m[39m[31m[1m^[22m[39m[31m[1m^[22m[39m[31m[1m^[22m[39m[31m[1m^[22m[39m[31m[1m^[22m[39m[31m[1m^[22m[39m[31m[1m^[22m[39m[31m[1m^[22m[39m[31m[1m^[22m[39m[31m[1m^[22m[39m[31m[1m^[22m[39m[31m[1m^[22m[39m[31m[1m^[22m[39m[31m[1m^[22m[39m[31m[1m^[22m[39m[31m[1m^[22m[39m[31m[1m^[22m[39m[31m[1m^[22m[39m[31m[1m^[22m[39m[31m[1m^[22m[39m[31m[1m^[22m[39m[31m[1m^[22m[39m[31m[1m^[22m[39m[31m[1m^[22m[39m[31m[1m^[22m[39m[31m[1m^[22m[39m[31m[1m^[22m[39m[31m[1m^[22m[39m[31m[1m^[22m[39m[31m[1m^[22m[39m[31m[1m^[22m[39m[31m[1m^[22m[39m[31m[1m^[22m[39m[31m[1m^[22m[39m[31m[1m^[22m[39m[31m[1m^[22m[39m
 [90m 7 |[39m
 [90m 8 |[39m [36mconst[39m inter [33m=[39m [33mInter[39m({ subsets[33m:[39m [[32m'latin'[39m][33m,[39m variable[33m:[39m [32m'--font-inter'[39m })
 [90m 9 |[39m [36mconst[39m poppins [33m=[39m [33mPoppins[39m({ [0m

Import map: aliased to relative './components/etw/global-chat' inside of [project]/


https://nextjs.org/docs/messages/module-not-found


 ⨯ ./app/layout.tsx:6:1
Module not found: Can't resolve '@/components/etw/global-chat'
[0m [90m 4 |[39m [36mimport[39m { [33mChatProvider[39m } [36mfrom[39m [32m'@/components/etw/chat-provider'[39m
 [90m 5 |[39m [36mimport[39m { [33mFloatingChat[39m } [36mfrom[39m [32m'@/components/etw/floating-chat'[39m
[31m[1m>[22m[39m[90m 6 |[39m [36mimport[39m { [33mGlobalChat[39m } [36mfrom[39m [32m'@/components/etw/global-chat'[39m
 [90m   |[39m [31m[1m^[22m[39m[31m[1m^[22m[39m[31m[1m^[22m[39m[31m[1m^[22m[39m[31m[1m^[22m[39m[31m[1m^[22m[39m[31m[1m^[22m[39m[31m[1m^[22m[39m[31m[1m^[22m[39m[31m[1m^[22m[39m[31m[1m^[22m[39m[31m[1m^[22m[39m[31m[1m^[22m[39m[31m[1m^[22m[39m[31m[1m^[22m[39m[31m[1m^[22m[39m[31m[1m^[22m[39m[31m[1m^[22m[39m[31m[1m^[22m[39m[31m[1m^[22m[39m[31m[1m^[22m[39m[31m[1m^[22m[39m[31m[1m^[22m[39m[31m[1m^[22m[39m[31m[1m^[22m[39m[31m[1m^[22m[39m[31m[1m^[22m[39m[31m[1m^[22m[39m[31m[1m^[22m[39m[31m[1m^[22m[39m[31m[1m^[22m[39m[31m[1m^[22m[39m[31m[1m^[22m[39m[31m[1m^[22m[39m[31m[1m^[22m[39m[31m[1m^[22m[39m[31m[1m^[22m[39m[31m[1m^[22m[39m[31m[1m^[22m[39m[31m[1m^[22m[39m[31m[1m^[22m[39m[31m[1m^[22m[39m[31m[1m^[22m[39m[31m[1m^[22m[39m[31m[1m^[22m[39m[31m[1m^[22m[39m[31m[1m^[22m[39m[31m[1m^[22m[39m[31m[1m^[22m[39m[31m[1m^[22m[39m[31m[1m^[22m[39m[31m[1m^[22m[39m[31m[1m^[22m[39m[31m[1m^[22m[39m[31m[1m^[22m[39m[31m[1m^[22m[39m[31m[1m^[22m[39m
 [90m 7 |[39m
 [90m 8 |[39m [36mconst[39m inter [33m=[39m [33mInter[39m({ subsets[33m:[39m [[32m'latin'[39m][33m,[39m variable[33m:[39m [32m'--font-inter'[39m })
 [90m 9 |[39m [36mconst[39m poppins [33m=[39m [33mPoppins[39m({ [0m

Import map: aliased to relative './components/etw/global-chat' inside of [project]/


https://nextjs.org/docs/messages/module-not-found


 ⨯ ./app/layout.tsx:6:1
Module not found: Can't resolve '@/components/etw/global-chat'
[0m [90m 4 |[39m [36mimport[39m { [33mChatProvider[39m } [36mfrom[39m [32m'@/components/etw/chat-provider'[39m
 [90m 5 |[39m [36mimport[39m { [33mFloatingChat[39m } [36mfrom[39m [32m'@/components/etw/floating-chat'[39m
[31m[1m>[22m[39m[90m 6 |[39m [36mimport[39m { [33mGlobalChat[39m } [36mfrom[39m [32m'@/components/etw/global-chat'[39m
 [90m   |[39m [31m[1m^[22m[39m[31m[1m^[22m[39m[31m[1m^[22m[39m[31m[1m^[22m[39m[31m[1m^[22m[39m[31m[1m^[22m[39m[31m[1m^[22m[39m[31m[1m^[22m[39m[31m[1m^[22m[39m[31m[1m^[22m[39m[31m[1m^[22m[39m[31m[1m^[22m[39m[31m[1m^[22m[39m[31m[1m^[22m[39m[31m[1m^[22m[39m[31m[1m^[22m[39m[31m[1m^[22m[39m[31m[1m^[22m[39m[31m[1m^[22m[39m[31m[1m^[22m[39m[31m[1m^[22m[39m[31m[1m^[22m[39m[31m[1m^[22m[39m[31m[1m^[22m[39m[31m[1m^[22m[39m[31m[1m^[22m[39m[31m[1m^[22m[39m[31m[1m^[22m[39m[31m[1m^[22m[39m[31m[1m^[22m[39m[31m[1m^[22m[39m[31m[1m^[22m[39m[31m[1m^[22m[39m[31m[1m^[22m[39m[31m[1m^[22m[39m[31m[1m^[22m[39m[31m[1m^[22m[39m[31m[1m^[22m[39m[31m[1m^[22m[39m[31m[1m^[22m[39m[31m[1m^[22m[39m[31m[1m^[22m[39m[31m[1m^[22m[39m[31m[1m^[22m[39m[31m[1m^[22m[39m[31m[1m^[22m[39m[31m[1m^[22m[39m[31m[1m^[22m[39m[31m[1m^[22m[39m[31m[1m^[22m[39m[31m[1m^[22m[39m[31m[1m^[22m[39m[31m[1m^[22m[39m[31m[1m^[22m[39m[31m[1m^[22m[39m[31m[1m^[22m[39m[31m[1m^[22m[39m
 [90m 7 |[39m
 [90m 8 |[39m [36mconst[39m inter [33m=[39m [33mInter[39m({ subsets[33m:[39m [[32m'latin'[39m][33m,[39m variable[33m:[39m [32m'--font-inter'[39m })
 [90m 9 |[39m [36mconst[39m poppins [33m=[39m [33mPoppins[39m({ [0m

Import map: aliased to relative './components/etw/global-chat' inside of [project]/


https://nextjs.org/docs/messages/module-not-found


 ⨯ ./app/layout.tsx:6:1
Module not found: Can't resolve '@/components/etw/global-chat'
[0m [90m 4 |[39m [36mimport[39m { [33mChatProvider[39m } [36mfrom[39m [32m'@/components/etw/chat-provider'[39m
 [90m 5 |[39m [36mimport[39m { [33mFloatingChat[39m } [36mfrom[39m [32m'@/components/etw/floating-chat'[39m
[31m[1m>[22m[39m[90m 6 |[39m [36mimport[39m { [33mGlobalChat[39m } [36mfrom[39m [32m'@/components/etw/global-chat'[39m
 [90m   |[39m [31m[1m^[22m[39m[31m[1m^[22m[39m[31m[1m^[22m[39m[31m[1m^[22m[39m[31m[1m^[22m[39m[31m[1m^[22m[39m[31m[1m^[22m[39m[31m[1m^[22m[39m[31m[1m^[22m[39m[31m[1m^[22m[39m[31m[1m^[22m[39m[31m[1m^[22m[39m[31m[1m^[22m[39m[31m[1m^[22m[39m[31m[1m^[22m[39m[31m[1m^[22m[39m[31m[1m^[22m[39m[31m[1m^[22m[39m[31m[1m^[22m[39m[31m[1m^[22m[39m[31m[1m^[22m[39m[31m[1m^[22m[39m[31m[1m^[22m[39m[31m[1m^[22m[39m[31m[1m^[22m[39m[31m[1m^[22m[39m[31m[1m^[22m[39m[31m[1m^[22m[39m[31m[1m^[22m[39m[31m[1m^[22m[39m[31m[1m^[22m[39m[31m[1m^[22m[39m[31m[1m^[22m[39m[31m[1m^[22m[39m[31m[1m^[22m[39m[31m[1m^[22m[39m[31m[1m^[22m[39m[31m[1m^[22m[39m[31m[1m^[22m[39m[31m[1m^[22m[39m[31m[1m^[22m[39m[31m[1m^[22m[39m[31m[1m^[22m[39m[31m[1m^[22m[39m[31m[1m^[22m[39m[31m[1m^[22m[39m[31m[1m^[22m[39m[31m[1m^[22m[39m[31m[1m^[22m[39m[31m[1m^[22m[39m[31m[1m^[22m[39m[31m[1m^[22m[39m[31m[1m^[22m[39m[31m[1m^[22m[39m[31m[1m^[22m[39m[31m[1m^[22m[39m[31m[1m^[22m[39m
 [90m 7 |[39m
 [90m 8 |[39m [36mconst[39m inter [33m=[39m [33mInter[39m({ subsets[33m:[39m [[32m'latin'[39m][33m,[39m variable[33m:[39m [32m'--font-inter'[39m })
 [90m 9 |[39m [36mconst[39m poppins [33m=[39m [33mPoppins[39m({ [0m

Import map: aliased to relative './components/etw/global-chat' inside of [project]/


https://nextjs.org/docs/messages/module-not-found


 ⨯ ./app/layout.tsx:6:1
Module not found: Can't resolve '@/components/etw/global-chat'
[0m [90m 4 |[39m [36mimport[39m { [33mChatProvider[39m } [36mfrom[39m [32m'@/components/etw/chat-provider'[39m
 [90m 5 |[39m [36mimport[39m { [33mFloatingChat[39m } [36mfrom[39m [32m'@/components/etw/floating-chat'[39m
[31m[1m>[22m[39m[90m 6 |[39m [36mimport[39m { [33mGlobalChat[39m } [36mfrom[39m [32m'@/components/etw/global-chat'[39m
 [90m   |[39m [31m[1m^[22m[39m[31m[1m^[22m[39m[31m[1m^[22m[39m[31m[1m^[22m[39m[31m[1m^[22m[39m[31m[1m^[22m[39m[31m[1m^[22m[39m[31m[1m^[22m[39m[31m[1m^[22m[39m[31m[1m^[22m[39m[31m[1m^[22m[39m[31m[1m^[22m[39m[31m[1m^[22m[39m[31m[1m^[22m[39m[31m[1m^[22m[39m[31m[1m^[22m[39m[31m[1m^[22m[39m[31m[1m^[22m[39m[31m[1m^[22m[39m[31m[1m^[22m[39m[31m[1m^[22m[39m[31m[1m^[22m[39m[31m[1m^[22m[39m[31m[1m^[22m[39m[31m[1m^[22m[39m[31m[1m^[22m[39m[31m[1m^[22m[39m[31m[1m^[22m[39m[31m[1m^[22m[39m[31m[1m^[22m[39m[31m[1m^[22m[39m[31m[1m^[22m[39m[31m[1m^[22m[39m[31m[1m^[22m[39m[31m[1m^[22m[39m[31m[1m^[22m[39m[31m[1m^[22m[39m[31m[1m^[22m[39m[31m[1m^[22m[39m[31m[1m^[22m[39m[31m[1m^[22m[39m[31m[1m^[22m[39m[31m[1m^[22m[39m[31m[1m^[22m[39m[31m[1m^[22m[39m[31m[1m^[22m[39m[31m[1m^[22m[39m[31m[1m^[22m[39m[31m[1m^[22m[39m[31m[1m^[22m[39m[31m[1m^[22m[39m[31m[1m^[22m[39m[31m[1m^[22m[39m[31m[1m^[22m[39m[31m[1m^[22m[39m[31m[1m^[22m[39m[31m[1m^[22m[39m
 [90m 7 |[39m
 [90m 8 |[39m [36mconst[39m inter [33m=[39m [33mInter[39m({ subsets[33m:[39m [[32m'latin'[39m][33m,[39m variable[33m:[39m [32m'--font-inter'[39m })
 [90m 9 |[39m [36mconst[39m poppins [33m=[39m [33mPoppins[39m({ [0m

Import map: aliased to relative './components/etw/global-chat' inside of [project]/


https://nextjs.org/docs/messages/module-not-found


 ⨯ ./app/layout.tsx:6:1
Module not found: Can't resolve '@/components/etw/global-chat'
[0m [90m 4 |[39m [36mimport[39m { [33mChatProvider[39m } [36mfrom[39m [32m'@/components/etw/chat-provider'[39m
 [90m 5 |[39m [36mimport[39m { [33mFloatingChat[39m } [36mfrom[39m [32m'@/components/etw/floating-chat'[39m
[31m[1m>[22m[39m[90m 6 |[39m [36mimport[39m { [33mGlobalChat[39m } [36mfrom[39m [32m'@/components/etw/global-chat'[39m
 [90m   |[39m [31m[1m^[22m[39m[31m[1m^[22m[39m[31m[1m^[22m[39m[31m[1m^[22m[39m[31m[1m^[22m[39m[31m[1m^[22m[39m[31m[1m^[22m[39m[31m[1m^[22m[39m[31m[1m^[22m[39m[31m[1m^[22m[39m[31m[1m^[22m[39m[31m[1m^[22m[39m[31m[1m^[22m[39m[31m[1m^[22m[39m[31m[1m^[22m[39m[31m[1m^[22m[39m[31m[1m^[22m[39m[31m[1m^[22m[39m[31m[1m^[22m[39m[31m[1m^[22m[39m[31m[1m^[22m[39m[31m[1m^[22m[39m[31m[1m^[22m[39m[31m[1m^[22m[39m[31m[1m^[22m[39m[31m[1m^[22m[39m[31m[1m^[22m[39m[31m[1m^[22m[39m[31m[1m^[22m[39m[31m[1m^[22m[39m[31m[1m^[22m[39m[31m[1m^[22m[39m[31m[1m^[22m[39m[31m[1m^[22m[39m[31m[1m^[22m[39m[31m[1m^[22m[39m[31m[1m^[22m[39m[31m[1m^[22m[39m[31m[1m^[22m[39m[31m[1m^[22m[39m[31m[1m^[22m[39m[31m[1m^[22m[39m[31m[1m^[22m[39m[31m[1m^[22m[39m[31m[1m^[22m[39m[31m[1m^[22m[39m[31m[1m^[22m[39m[31m[1m^[22m[39m[31m[1m^[22m[39m[31m[1m^[22m[39m[31m[1m^[22m[39m[31m[1m^[22m[39m[31m[1m^[22m[39m[31m[1m^[22m[39m[31m[1m^[22m[39m[31m[1m^[22m[39m[31m[1m^[22m[39m
 [90m 7 |[39m
 [90m 8 |[39m [36mconst[39m inter [33m=[39m [33mInter[39m({ subsets[33m:[39m [[32m'latin'[39m][33m,[39m variable[33m:[39m [32m'--font-inter'[39m })
 [90m 9 |[39m [36mconst[39m poppins [33m=[39m [33mPoppins[39m({ [0m

Import map: aliased to relative './components/etw/global-chat' inside of [project]/


https://nextjs.org/docs/messages/module-not-found


 ⨯ ./app/layout.tsx:6:1
Module not found: Can't resolve '@/components/etw/global-chat'
[0m [90m 4 |[39m [36mimport[39m { [33mChatProvider[39m } [36mfrom[39m [32m'@/components/etw/chat-provider'[39m
 [90m 5 |[39m [36mimport[39m { [33mFloatingChat[39m } [36mfrom[39m [32m'@/components/etw/floating-chat'[39m
[31m[1m>[22m[39m[90m 6 |[39m [36mimport[39m { [33mGlobalChat[39m } [36mfrom[39m [32m'@/components/etw/global-chat'[39m
 [90m   |[39m [31m[1m^[22m[39m[31m[1m^[22m[39m[31m[1m^[22m[39m[31m[1m^[22m[39m[31m[1m^[22m[39m[31m[1m^[22m[39m[31m[1m^[22m[39m[31m[1m^[22m[39m[31m[1m^[22m[39m[31m[1m^[22m[39m[31m[1m^[22m[39m[31m[1m^[22m[39m[31m[1m^[22m[39m[31m[1m^[22m[39m[31m[1m^[22m[39m[31m[1m^[22m[39m[31m[1m^[22m[39m[31m[1m^[22m[39m[31m[1m^[22m[39m[31m[1m^[22m[39m[31m[1m^[22m[39m[31m[1m^[22m[39m[31m[1m^[22m[39m[31m[1m^[22m[39m[31m[1m^[22m[39m[31m[1m^[22m[39m[31m[1m^[22m[39m[31m[1m^[22m[39m[31m[1m^[22m[39m[31m[1m^[22m[39m[31m[1m^[22m[39m[31m[1m^[22m[39m[31m[1m^[22m[39m[31m[1m^[22m[39m[31m[1m^[22m[39m[31m[1m^[22m[39m[31m[1m^[22m[39m[31m[1m^[22m[39m[31m[1m^[22m[39m[31m[1m^[22m[39m[31m[1m^[22m[39m[31m[1m^[22m[39m[31m[1m^[22m[39m[31m[1m^[22m[39m[31m[1m^[22m[39m[31m[1m^[22m[39m[31m[1m^[22m[39m[31m[1m^[22m[39m[31m[1m^[22m[39m[31m[1m^[22m[39m[31m[1m^[22m[39m[31m[1m^[22m[39m[31m[1m^[22m[39m[31m[1m^[22m[39m[31m[1m^[22m[39m[31m[1m^[22m[39m[31m[1m^[22m[39m
 [90m 7 |[39m
 [90m 8 |[39m [36mconst[39m inter [33m=[39m [33mInter[39m({ subsets[33m:[39m [[32m'latin'[39m][33m,[39m variable[33m:[39m [32m'--font-inter'[39m })
 [90m 9 |[39m [36mconst[39m poppins [33m=[39m [33mPoppins[39m({ [0m

Import map: aliased to relative './components/etw/global-chat' inside of [project]/


https://nextjs.org/docs/messages/module-not-found


 ⨯ ./app/layout.tsx:6:1
Module not found: Can't resolve '@/components/etw/global-chat'
[0m [90m 4 |[39m [36mimport[39m { [33mChatProvider[39m } [36mfrom[39m [32m'@/components/etw/chat-provider'[39m
 [90m 5 |[39m [36mimport[39m { [33mFloatingChat[39m } [36mfrom[39m [32m'@/components/etw/floating-chat'[39m
[31m[1m>[22m[39m[90m 6 |[39m [36mimport[39m { [33mGlobalChat[39m } [36mfrom[39m [32m'@/components/etw/global-chat'[39m
 [90m   |[39m [31m[1m^[22m[39m[31m[1m^[22m[39m[31m[1m^[22m[39m[31m[1m^[22m[39m[31m[1m^[22m[39m[31m[1m^[22m[39m[31m[1m^[22m[39m[31m[1m^[22m[39m[31m[1m^[22m[39m[31m[1m^[22m[39m[31m[1m^[22m[39m[31m[1m^[22m[39m[31m[1m^[22m[39m[31m[1m^[22m[39m[31m[1m^[22m[39m[31m[1m^[22m[39m[31m[1m^[22m[39m[31m[1m^[22m[39m[31m[1m^[22m[39m[31m[1m^[22m[39m[31m[1m^[22m[39m[31m[1m^[22m[39m[31m[1m^[22m[39m[31m[1m^[22m[39m[31m[1m^[22m[39m[31m[1m^[22m[39m[31m[1m^[22m[39m[31m[1m^[22m[39m[31m[1m^[22m[39m[31m[1m^[22m[39m[31m[1m^[22m[39m[31m[1m^[22m[39m[31m[1m^[22m[39m[31m[1m^[22m[39m[31m[1m^[22m[39m[31m[1m^[22m[39m[31m[1m^[22m[39m[31m[1m^[22m[39m[31m[1m^[22m[39m[31m[1m^[22m[39m[31m[1m^[22m[39m[31m[1m^[22m[39m[31m[1m^[22m[39m[31m[1m^[22m[39m[31m[1m^[22m[39m[31m[1m^[22m[39m[31m[1m^[22m[39m[31m[1m^[22m[39m[31m[1m^[22m[39m[31m[1m^[22m[39m[31m[1m^[22m[39m[31m[1m^[22m[39m[31m[1m^[22m[39m[31m[1m^[22m[39m[31m[1m^[22m[39m[31m[1m^[22m[39m[31m[1m^[22m[39m
 [90m 7 |[39m
 [90m 8 |[39m [36mconst[39m inter [33m=[39m [33mInter[39m({ subsets[33m:[39m [[32m'latin'[39m][33m,[39m variable[33m:[39m [32m'--font-inter'[39m })
 [90m 9 |[39m [36mconst[39m poppins [33m=[39m [33mPoppins[39m({ [0m

Import map: aliased to relative './components/etw/global-chat' inside of [project]/


https://nextjs.org/docs/messages/module-not-found


 ⨯ ./app/layout.tsx:6:1
Module not found: Can't resolve '@/components/etw/global-chat'
[0m [90m 4 |[39m [36mimport[39m { [33mChatProvider[39m } [36mfrom[39m [32m'@/components/etw/chat-provider'[39m
 [90m 5 |[39m [36mimport[39m { [33mFloatingChat[39m } [36mfrom[39m [32m'@/components/etw/floating-chat'[39m
[31m[1m>[22m[39m[90m 6 |[39m [36mimport[39m { [33mGlobalChat[39m } [36mfrom[39m [32m'@/components/etw/global-chat'[39m
 [90m   |[39m [31m[1m^[22m[39m[31m[1m^[22m[39m[31m[1m^[22m[39m[31m[1m^[22m[39m[31m[1m^[22m[39m[31m[1m^[22m[39m[31m[1m^[22m[39m[31m[1m^[22m[39m[31m[1m^[22m[39m[31m[1m^[22m[39m[31m[1m^[22m[39m[31m[1m^[22m[39m[31m[1m^[22m[39m[31m[1m^[22m[39m[31m[1m^[22m[39m[31m[1m^[22m[39m[31m[1m^[22m[39m[31m[1m^[22m[39m[31m[1m^[22m[39m[31m[1m^[22m[39m[31m[1m^[22m[39m[31m[1m^[22m[39m[31m[1m^[22m[39m[31m[1m^[22m[39m[31m[1m^[22m[39m[31m[1m^[22m[39m[31m[1m^[22m[39m[31m[1m^[22m[39m[31m[1m^[22m[39m[31m[1m^[22m[39m[31m[1m^[22m[39m[31m[1m^[22m[39m[31m[1m^[22m[39m[31m[1m^[22m[39m[31m[1m^[22m[39m[31m[1m^[22m[39m[31m[1m^[22m[39m[31m[1m^[22m[39m[31m[1m^[22m[39m[31m[1m^[22m[39m[31m[1m^[22m[39m[31m[1m^[22m[39m[31m[1m^[22m[39m[31m[1m^[22m[39m[31m[1m^[22m[39m[31m[1m^[22m[39m[31m[1m^[22m[39m[31m[1m^[22m[39m[31m[1m^[22m[39m[31m[1m^[22m[39m[31m[1m^[22m[39m[31m[1m^[22m[39m[31m[1m^[22m[39m[31m[1m^[22m[39m[31m[1m^[22m[39m[31m[1m^[22m[39m[31m[1m^[22m[39m
 [90m 7 |[39m
 [90m 8 |[39m [36mconst[39m inter [33m=[39m [33mInter[39m({ subsets[33m:[39m [[32m'latin'[39m][33m,[39m variable[33m:[39m [32m'--font-inter'[39m })
 [90m 9 |[39m [36mconst[39m poppins [33m=[39m [33mPoppins[39m({ [0m

Import map: aliased to relative './components/etw/global-chat' inside of [project]/


https://nextjs.org/docs/messages/module-not-found


 ⨯ ./app/layout.tsx:6:1
Module not found: Can't resolve '@/components/etw/global-chat'
[0m [90m 4 |[39m [36mimport[39m { [33mChatProvider[39m } [36mfrom[39m [32m'@/components/etw/chat-provider'[39m
 [90m 5 |[39m [36mimport[39m { [33mFloatingChat[39m } [36mfrom[39m [32m'@/components/etw/floating-chat'[39m
[31m[1m>[22m[39m[90m 6 |[39m [36mimport[39m { [33mGlobalChat[39m } [36mfrom[39m [32m'@/components/etw/global-chat'[39m
 [90m   |[39m [31m[1m^[22m[39m[31m[1m^[22m[39m[31m[1m^[22m[39m[31m[1m^[22m[39m[31m[1m^[22m[39m[31m[1m^[22m[39m[31m[1m^[22m[39m[31m[1m^[22m[39m[31m[1m^[22m[39m[31m[1m^[22m[39m[31m[1m^[22m[39m[31m[1m^[22m[39m[31m[1m^[22m[39m[31m[1m^[22m[39m[31m[1m^[22m[39m[31m[1m^[22m[39m[31m[1m^[22m[39m[31m[1m^[22m[39m[31m[1m^[22m[39m[31m[1m^[22m[39m[31m[1m^[22m[39m[31m[1m^[22m[39m[31m[1m^[22m[39m[31m[1m^[22m[39m[31m[1m^[22m[39m[31m[1m^[22m[39m[31m[1m^[22m[39m[31m[1m^[22m[39m[31m[1m^[22m[39m[31m[1m^[22m[39m[31m[1m^[22m[39m[31m[1m^[22m[39m[31m[1m^[22m[39m[31m[1m^[22m[39m[31m[1m^[22m[39m[31m[1m^[22m[39m[31m[1m^[22m[39m[31m[1m^[22m[39m[31m[1m^[22m[39m[31m[1m^[22m[39m[31m[1m^[22m[39m[31m[1m^[22m[39m[31m[1m^[22m[39m[31m[1m^[22m[39m[31m[1m^[22m[39m[31m[1m^[22m[39m[31m[1m^[22m[39m[31m[1m^[22m[39m[31m[1m^[22m[39m[31m[1m^[22m[39m[31m[1m^[22m[39m[31m[1m^[22m[39m[31m[1m^[22m[39m[31m[1m^[22m[39m[31m[1m^[22m[39m[31m[1m^[22m[39m[31m[1m^[22m[39m
 [90m 7 |[39m
 [90m 8 |[39m [36mconst[39m inter [33m=[39m [33mInter[39m({ subsets[33m:[39m [[32m'latin'[39m][33m,[39m variable[33m:[39m [32m'--font-inter'[39m })
 [90m 9 |[39m [36mconst[39m poppins [33m=[39m [33mPoppins[39m({ [0m

Import map: aliased to relative './components/etw/global-chat' inside of [project]/


https://nextjs.org/docs/messages/module-not-found


 ⨯ ./app/layout.tsx:6:1
Module not found: Can't resolve '@/components/etw/global-chat'
[0m [90m 4 |[39m [36mimport[39m { [33mChatProvider[39m } [36mfrom[39m [32m'@/components/etw/chat-provider'[39m
 [90m 5 |[39m [36mimport[39m { [33mFloatingChat[39m } [36mfrom[39m [32m'@/components/etw/floating-chat'[39m
[31m[1m>[22m[39m[90m 6 |[39m [36mimport[39m { [33mGlobalChat[39m } [36mfrom[39m [32m'@/components/etw/global-chat'[39m
 [90m   |[39m [31m[1m^[22m[39m[31m[1m^[22m[39m[31m[1m^[22m[39m[31m[1m^[22m[39m[31m[1m^[22m[39m[31m[1m^[22m[39m[31m[1m^[22m[39m[31m[1m^[22m[39m[31m[1m^[22m[39m[31m[1m^[22m[39m[31m[1m^[22m[39m[31m[1m^[22m[39m[31m[1m^[22m[39m[31m[1m^[22m[39m[31m[1m^[22m[39m[31m[1m^[22m[39m[31m[1m^[22m[39m[31m[1m^[22m[39m[31m[1m^[22m[39m[31m[1m^[22m[39m[31m[1m^[22m[39m[31m[1m^[22m[39m[31m[1m^[22m[39m[31m[1m^[22m[39m[31m[1m^[22m[39m[31m[1m^[22m[39m[31m[1m^[22m[39m[31m[1m^[22m[39m[31m[1m^[22m[39m[31m[1m^[22m[39m[31m[1m^[22m[39m[31m[1m^[22m[39m[31m[1m^[22m[39m[31m[1m^[22m[39m[31m[1m^[22m[39m[31m[1m^[22m[39m[31m[1m^[22m[39m[31m[1m^[22m[39m[31m[1m^[22m[39m[31m[1m^[22m[39m[31m[1m^[22m[39m[31m[1m^[22m[39m[31m[1m^[22m[39m[31m[1m^[22m[39m[31m[1m^[22m[39m[31m[1m^[22m[39m[31m[1m^[22m[39m[31m[1m^[22m[39m[31m[1m^[22m[39m[31m[1m^[22m[39m[31m[1m^[22m[39m[31m[1m^[22m[39m[31m[1m^[22m[39m[31m[1m^[22m[39m[31m[1m^[22m[39m[31m[1m^[22m[39m[31m[1m^[22m[39m
 [90m 7 |[39m
 [90m 8 |[39m [36mconst[39m inter [33m=[39m [33mInter[39m({ subsets[33m:[39m [[32m'latin'[39m][33m,[39m variable[33m:[39m [32m'--font-inter'[39m })
 [90m 9 |[39m [36mconst[39m poppins [33m=[39m [33mPoppins[39m({ [0m

Import map: aliased to relative './components/etw/global-chat' inside of [project]/


https://nextjs.org/docs/messages/module-not-found


 ⨯ ./app/layout.tsx:6:1
Module not found: Can't resolve '@/components/etw/global-chat'
[0m [90m 4 |[39m [36mimport[39m { [33mChatProvider[39m } [36mfrom[39m [32m'@/components/etw/chat-provider'[39m
 [90m 5 |[39m [36mimport[39m { [33mFloatingChat[39m } [36mfrom[39m [32m'@/components/etw/floating-chat'[39m
[31m[1m>[22m[39m[90m 6 |[39m [36mimport[39m { [33mGlobalChat[39m } [36mfrom[39m [32m'@/components/etw/global-chat'[39m
 [90m   |[39m [31m[1m^[22m[39m[31m[1m^[22m[39m[31m[1m^[22m[39m[31m[1m^[22m[39m[31m[1m^[22m[39m[31m[1m^[22m[39m[31m[1m^[22m[39m[31m[1m^[22m[39m[31m[1m^[22m[39m[31m[1m^[22m[39m[31m[1m^[22m[39m[31m[1m^[22m[39m[31m[1m^[22m[39m[31m[1m^[22m[39m[31m[1m^[22m[39m[31m[1m^[22m[39m[31m[1m^[22m[39m[31m[1m^[22m[39m[31m[1m^[22m[39m[31m[1m^[22m[39m[31m[1m^[22m[39m[31m[1m^[22m[39m[31m[1m^[22m[39m[31m[1m^[22m[39m[31m[1m^[22m[39m[31m[1m^[22m[39m[31m[1m^[22m[39m[31m[1m^[22m[39m[31m[1m^[22m[39m[31m[1m^[22m[39m[31m[1m^[22m[39m[31m[1m^[22m[39m[31m[1m^[22m[39m[31m[1m^[22m[39m[31m[1m^[22m[39m[31m[1m^[22m[39m[31m[1m^[22m[39m[31m[1m^[22m[39m[31m[1m^[22m[39m[31m[1m^[22m[39m[31m[1m^[22m[39m[31m[1m^[22m[39m[31m[1m^[22m[39m[31m[1m^[22m[39m[31m[1m^[22m[39m[31m[1m^[22m[39m[31m[1m^[22m[39m[31m[1m^[22m[39m[31m[1m^[22m[39m[31m[1m^[22m[39m[31m[1m^[22m[39m[31m[1m^[22m[39m[31m[1m^[22m[39m[31m[1m^[22m[39m[31m[1m^[22m[39m[31m[1m^[22m[39m[31m[1m^[22m[39m
 [90m 7 |[39m
 [90m 8 |[39m [36mconst[39m inter [33m=[39m [33mInter[39m({ subsets[33m:[39m [[32m'latin'[39m][33m,[39m variable[33m:[39m [32m'--font-inter'[39m })
 [90m 9 |[39m [36mconst[39m poppins [33m=[39m [33mPoppins[39m({ [0m

Import map: aliased to relative './components/etw/global-chat' inside of [project]/


https://nextjs.org/docs/messages/module-not-found


 ⨯ ./app/layout.tsx:6:1
Module not found: Can't resolve '@/components/etw/global-chat'
[0m [90m 4 |[39m [36mimport[39m { [33mChatProvider[39m } [36mfrom[39m [32m'@/components/etw/chat-provider'[39m
 [90m 5 |[39m [36mimport[39m { [33mFloatingChat[39m } [36mfrom[39m [32m'@/components/etw/floating-chat'[39m
[31m[1m>[22m[39m[90m 6 |[39m [36mimport[39m { [33mGlobalChat[39m } [36mfrom[39m [32m'@/components/etw/global-chat'[39m
 [90m   |[39m [31m[1m^[22m[39m[31m[1m^[22m[39m[31m[1m^[22m[39m[31m[1m^[22m[39m[31m[1m^[22m[39m[31m[1m^[22m[39m[31m[1m^[22m[39m[31m[1m^[22m[39m[31m[1m^[22m[39m[31m[1m^[22m[39m[31m[1m^[22m[39m[31m[1m^[22m[39m[31m[1m^[22m[39m[31m[1m^[22m[39m[31m[1m^[22m[39m[31m[1m^[22m[39m[31m[1m^[22m[39m[31m[1m^[22m[39m[31m[1m^[22m[39m[31m[1m^[22m[39m[31m[1m^[22m[39m[31m[1m^[22m[39m[31m[1m^[22m[39m[31m[1m^[22m[39m[31m[1m^[22m[39m[31m[1m^[22m[39m[31m[1m^[22m[39m[31m[1m^[22m[39m[31m[1m^[22m[39m[31m[1m^[22m[39m[31m[1m^[22m[39m[31m[1m^[22m[39m[31m[1m^[22m[39m[31m[1m^[22m[39m[31m[1m^[22m[39m[31m[1m^[22m[39m[31m[1m^[22m[39m[31m[1m^[22m[39m[31m[1m^[22m[39m[31m[1m^[22m[39m[31m[1m^[22m[39m[31m[1m^[22m[39m[31m[1m^[22m[39m[31m[1m^[22m[39m[31m[1m^[22m[39m[31m[1m^[22m[39m[31m[1m^[22m[39m[31m[1m^[22m[39m[31m[1m^[22m[39m[31m[1m^[22m[39m[31m[1m^[22m[39m[31m[1m^[22m[39m[31m[1m^[22m[39m[31m[1m^[22m[39m[31m[1m^[22m[39m[31m[1m^[22m[39m[31m[1m^[22m[39m
 [90m 7 |[39m
 [90m 8 |[39m [36mconst[39m inter [33m=[39m [33mInter[39m({ subsets[33m:[39m [[32m'latin'[39m][33m,[39m variable[33m:[39m [32m'--font-inter'[39m })
 [90m 9 |[39m [36mconst[39m poppins [33m=[39m [33mPoppins[39m({ [0m

Import map: aliased to relative './components/etw/global-chat' inside of [project]/


https://nextjs.org/docs/messages/module-not-found


 ⨯ ./app/layout.tsx:6:1
Module not found: Can't resolve '@/components/etw/global-chat'
[0m [90m 4 |[39m [36mimport[39m { [33mChatProvider[39m } [36mfrom[39m [32m'@/components/etw/chat-provider'[39m
 [90m 5 |[39m [36mimport[39m { [33mFloatingChat[39m } [36mfrom[39m [32m'@/components/etw/floating-chat'[39m
[31m[1m>[22m[39m[90m 6 |[39m [36mimport[39m { [33mGlobalChat[39m } [36mfrom[39m [32m'@/components/etw/global-chat'[39m
 [90m   |[39m [31m[1m^[22m[39m[31m[1m^[22m[39m[31m[1m^[22m[39m[31m[1m^[22m[39m[31m[1m^[22m[39m[31m[1m^[22m[39m[31m[1m^[22m[39m[31m[1m^[22m[39m[31m[1m^[22m[39m[31m[1m^[22m[39m[31m[1m^[22m[39m[31m[1m^[22m[39m[31m[1m^[22m[39m[31m[1m^[22m[39m[31m[1m^[22m[39m[31m[1m^[22m[39m[31m[1m^[22m[39m[31m[1m^[22m[39m[31m[1m^[22m[39m[31m[1m^[22m[39m[31m[1m^[22m[39m[31m[1m^[22m[39m[31m[1m^[22m[39m[31m[1m^[22m[39m[31m[1m^[22m[39m[31m[1m^[22m[39m[31m[1m^[22m[39m[31m[1m^[22m[39m[31m[1m^[22m[39m[31m[1m^[22m[39m[31m[1m^[22m[39m[31m[1m^[22m[39m[31m[1m^[22m[39m[31m[1m^[22m[39m[31m[1m^[22m[39m[31m[1m^[22m[39m[31m[1m^[22m[39m[31m[1m^[22m[39m[31m[1m^[22m[39m[31m[1m^[22m[39m[31m[1m^[22m[39m[31m[1m^[22m[39m[31m[1m^[22m[39m[31m[1m^[22m[39m[31m[1m^[22m[39m[31m[1m^[22m[39m[31m[1m^[22m[39m[31m[1m^[22m[39m[31m[1m^[22m[39m[31m[1m^[22m[39m[31m[1m^[22m[39m[31m[1m^[22m[39m[31m[1m^[22m[39m[31m[1m^[22m[39m[31m[1m^[22m[39m[31m[1m^[22m[39m[31m[1m^[22m[39m
 [90m 7 |[39m
 [90m 8 |[39m [36mconst[39m inter [33m=[39m [33mInter[39m({ subsets[33m:[39m [[32m'latin'[39m][33m,[39m variable[33m:[39m [32m'--font-inter'[39m })
 [90m 9 |[39m [36mconst[39m poppins [33m=[39m [33mPoppins[39m({ [0m

Import map: aliased to relative './components/etw/global-chat' inside of [project]/


https://nextjs.org/docs/messages/module-not-found


 ⨯ ./app/layout.tsx:6:1
Module not found: Can't resolve '@/components/etw/global-chat'
[0m [90m 4 |[39m [36mimport[39m { [33mChatProvider[39m } [36mfrom[39m [32m'@/components/etw/chat-provider'[39m
 [90m 5 |[39m [36mimport[39m { [33mFloatingChat[39m } [36mfrom[39m [32m'@/components/etw/floating-chat'[39m
[31m[1m>[22m[39m[90m 6 |[39m [36mimport[39m { [33mGlobalChat[39m } [36mfrom[39m [32m'@/components/etw/global-chat'[39m
 [90m   |[39m [31m[1m^[22m[39m[31m[1m^[22m[39m[31m[1m^[22m[39m[31m[1m^[22m[39m[31m[1m^[22m[39m[31m[1m^[22m[39m[31m[1m^[22m[39m[31m[1m^[22m[39m[31m[1m^[22m[39m[31m[1m^[22m[39m[31m[1m^[22m[39m[31m[1m^[22m[39m[31m[1m^[22m[39m[31m[1m^[22m[39m[31m[1m^[22m[39m[31m[1m^[22m[39m[31m[1m^[22m[39m[31m[1m^[22m[39m[31m[1m^[22m[39m[31m[1m^[22m[39m[31m[1m^[22m[39m[31m[1m^[22m[39m[31m[1m^[22m[39m[31m[1m^[22m[39m[31m[1m^[22m[39m[31m[1m^[22m[39m[31m[1m^[22m[39m[31m[1m^[22m[39m[31m[1m^[22m[39m[31m[1m^[22m[39m[31m[1m^[22m[39m[31m[1m^[22m[39m[31m[1m^[22m[39m[31m[1m^[22m[39m[31m[1m^[22m[39m[31m[1m^[22m[39m[31m[1m^[22m[39m[31m[1m^[22m[39m[31m[1m^[22m[39m[31m[1m^[22m[39m[31m[1m^[22m[39m[31m[1m^[22m[39m[31m[1m^[22m[39m[31m[1m^[22m[39m[31m[1m^[22m[39m[31m[1m^[22m[39m[31m[1m^[22m[39m[31m[1m^[22m[39m[31m[1m^[22m[39m[31m[1m^[22m[39m[31m[1m^[22m[39m[31m[1m^[22m[39m[31m[1m^[22m[39m[31m[1m^[22m[39m[31m[1m^[22m[39m[31m[1m^[22m[39m[31m[1m^[22m[39m
 [90m 7 |[39m
 [90m 8 |[39m [36mconst[39m inter [33m=[39m [33mInter[39m({ subsets[33m:[39m [[32m'latin'[39m][33m,[39m variable[33m:[39m [32m'--font-inter'[39m })
 [90m 9 |[39m [36mconst[39m poppins [33m=[39m [33mPoppins[39m({ [0m

Import map: aliased to relative './components/etw/global-chat' inside of [project]/


https://nextjs.org/docs/messages/module-not-found


 ⨯ ./app/layout.tsx:6:1
Module not found: Can't resolve '@/components/etw/global-chat'
[0m [90m 4 |[39m [36mimport[39m { [33mChatProvider[39m } [36mfrom[39m [32m'@/components/etw/chat-provider'[39m
 [90m 5 |[39m [36mimport[39m { [33mFloatingChat[39m } [36mfrom[39m [32m'@/components/etw/floating-chat'[39m
[31m[1m>[22m[39m[90m 6 |[39m [36mimport[39m { [33mGlobalChat[39m } [36mfrom[39m [32m'@/components/etw/global-chat'[39m
 [90m   |[39m [31m[1m^[22m[39m[31m[1m^[22m[39m[31m[1m^[22m[39m[31m[1m^[22m[39m[31m[1m^[22m[39m[31m[1m^[22m[39m[31m[1m^[22m[39m[31m[1m^[22m[39m[31m[1m^[22m[39m[31m[1m^[22m[39m[31m[1m^[22m[39m[31m[1m^[22m[39m[31m[1m^[22m[39m[31m[1m^[22m[39m[31m[1m^[22m[39m[31m[1m^[22m[39m[31m[1m^[22m[39m[31m[1m^[22m[39m[31m[1m^[22m[39m[31m[1m^[22m[39m[31m[1m^[22m[39m[31m[1m^[22m[39m[31m[1m^[22m[39m[31m[1m^[22m[39m[31m[1m^[22m[39m[31m[1m^[22m[39m[31m[1m^[22m[39m[31m[1m^[22m[39m[31m[1m^[22m[39m[31m[1m^[22m[39m[31m[1m^[22m[39m[31m[1m^[22m[39m[31m[1m^[22m[39m[31m[1m^[22m[39m[31m[1m^[22m[39m[31m[1m^[22m[39m[31m[1m^[22m[39m[31m[1m^[22m[39m[31m[1m^[22m[39m[31m[1m^[22m[39m[31m[1m^[22m[39m[31m[1m^[22m[39m[31m[1m^[22m[39m[31m[1m^[22m[39m[31m[1m^[22m[39m[31m[1m^[22m[39m[31m[1m^[22m[39m[31m[1m^[22m[39m[31m[1m^[22m[39m[31m[1m^[22m[39m[31m[1m^[22m[39m[31m[1m^[22m[39m[31m[1m^[22m[39m[31m[1m^[22m[39m[31m[1m^[22m[39m[31m[1m^[22m[39m[31m[1m^[22m[39m
 [90m 7 |[39m
 [90m 8 |[39m [36mconst[39m inter [33m=[39m [33mInter[39m({ subsets[33m:[39m [[32m'latin'[39m][33m,[39m variable[33m:[39m [32m'--font-inter'[39m })
 [90m 9 |[39m [36mconst[39m poppins [33m=[39m [33mPoppins[39m({ [0m

Import map: aliased to relative './components/etw/global-chat' inside of [project]/


https://nextjs.org/docs/messages/module-not-found


 ⨯ ./app/layout.tsx:6:1
Module not found: Can't resolve '@/components/etw/global-chat'
[0m [90m 4 |[39m [36mimport[39m { [33mChatProvider[39m } [36mfrom[39m [32m'@/components/etw/chat-provider'[39m
 [90m 5 |[39m [36mimport[39m { [33mFloatingChat[39m } [36mfrom[39m [32m'@/components/etw/floating-chat'[39m
[31m[1m>[22m[39m[90m 6 |[39m [36mimport[39m { [33mGlobalChat[39m } [36mfrom[39m [32m'@/components/etw/global-chat'[39m
 [90m   |[39m [31m[1m^[22m[39m[31m[1m^[22m[39m[31m[1m^[22m[39m[31m[1m^[22m[39m[31m[1m^[22m[39m[31m[1m^[22m[39m[31m[1m^[22m[39m[31m[1m^[22m[39m[31m[1m^[22m[39m[31m[1m^[22m[39m[31m[1m^[22m[39m[31m[1m^[22m[39m[31m[1m^[22m[39m[31m[1m^[22m[39m[31m[1m^[22m[39m[31m[1m^[22m[39m[31m[1m^[22m[39m[31m[1m^[22m[39m[31m[1m^[22m[39m[31m[1m^[22m[39m[31m[1m^[22m[39m[31m[1m^[22m[39m[31m[1m^[22m[39m[31m[1m^[22m[39m[31m[1m^[22m[39m[31m[1m^[22m[39m[31m[1m^[22m[39m[31m[1m^[22m[39m[31m[1m^[22m[39m[31m[1m^[22m[39m[31m[1m^[22m[39m[31m[1m^[22m[39m[31m[1m^[22m[39m[31m[1m^[22m[39m[31m[1m^[22m[39m[31m[1m^[22m[39m[31m[1m^[22m[39m[31m[1m^[22m[39m[31m[1m^[22m[39m[31m[1m^[22m[39m[31m[1m^[22m[39m[31m[1m^[22m[39m[31m[1m^[22m[39m[31m[1m^[22m[39m[31m[1m^[22m[39m[31m[1m^[22m[39m[31m[1m^[22m[39m[31m[1m^[22m[39m[31m[1m^[22m[39m[31m[1m^[22m[39m[31m[1m^[22m[39m[31m[1m^[22m[39m[31m[1m^[22m[39m[31m[1m^[22m[39m[31m[1m^[22m[39m[31m[1m^[22m[39m[31m[1m^[22m[39m
 [90m 7 |[39m
 [90m 8 |[39m [36mconst[39m inter [33m=[39m [33mInter[39m({ subsets[33m:[39m [[32m'latin'[39m][33m,[39m variable[33m:[39m [32m'--font-inter'[39m })
 [90m 9 |[39m [36mconst[39m poppins [33m=[39m [33mPoppins[39m({ [0m

Import map: aliased to relative './components/etw/global-chat' inside of [project]/


https://nextjs.org/docs/messages/module-not-found


 ✓ Compiled in 1127ms
 ✓ Compiled / in 46ms
 GET / 200 in 736ms
 ○ Compiling /dashboard ...
 ✓ Compiled /dashboard in 4.1s
 GET /dashboard 200 in 4277ms
 GET /dashboard 200 in 464ms
 ✓ Compiled /tasks in 60ms
 GET /tasks 200 in 700ms
 ✓ Compiled /courses in 65ms
 GET /courses 200 in 626ms
 GET /dashboard 200 in 274ms
 ✓ Compiled in 416ms
 ⚠ Fast Refresh had to perform a full reload when ./components/etw/chat-provider.tsx changed. Read more: https://nextjs.org/docs/messages/fast-refresh-reload
 GET /dashboard 200 in 835ms
 GET /favicon.ico?favicon.bf3c9292.ico 200 in 390ms
 GET /tasks 200 in 286ms
 GET /dashboard 200 in 147ms
 GET /tasks 200 in 114ms
 GET /courses 200 in 117ms
 GET / 200 in 302ms
 GET /favicon.ico?favicon.bf3c9292.ico 200 in 279ms
 GET /courses 200 in 192ms
 GET /dashboard 200 in 232ms
 GET /dashboard 200 in 130ms
 GET /tasks 200 in 120ms
 GET /tasks 200 in 125ms
 ✓ Compiled /leaderboard in 49ms
 GET /leaderboard 200 in 315ms
 ✓ Compiled /teams in 52ms
 GET /teams 200 in 531ms
 ✓ Compiled /calendar in 48ms
 GET /calendar 200 in 262ms
 GET /courses 200 in 131ms
 ✓ Compiled /profile in 72ms
 GET /profile 200 in 311ms
 ✓ Compiled /settings in 50ms
 GET /settings 200 in 291ms
 GET /profile 200 in 113ms
 GET /settings 200 in 105ms
 GET /dashboard 200 in 105ms
 GET /profile 200 in 105ms
 GET /profile 200 in 1605ms
 GET /dashboard 200 in 284ms
 GET /teams 200 in 302ms
 GET /courses 200 in 947ms
 GET /leaderboard 200 in 760ms
 GET /calendar 200 in 760ms
 GET /tasks 200 in 837ms
 GET /settings 200 in 346ms
 GET / 200 in 301ms
 GET /dashboard 200 in 124ms
 GET /leaderboard 200 in 129ms
 GET /teams 200 in 93ms
 GET /calendar 200 in 99ms
 GET /courses 200 in 104ms
 GET /settings 200 in 122ms
 GET /profile 200 in 3033ms
 GET /favicon.ico?favicon.bf3c9292.ico 200 in 1364ms
 GET /favicon.ico?favicon.bf3c9292.ico 200 in 733ms
 GET /dashboard 200 in 250ms
 GET /dashboard 200 in 131ms
 GET /tasks 200 in 206ms
 GET /dashboard 200 in 175ms
 GET / 200 in 317ms
 GET /favicon.ico?favicon.bf3c9292.ico 200 in 276ms
 GET /dashboard 200 in 1483ms
 ○ Compiling /_not-found/page ...
 ✓ Compiled /_not-found/page in 1882ms
 GET /robots.txt 404 in 6518ms
 GET /robots.txt 404 in 203ms
 GET /robots.txt 404 in 149ms
 GET / 200 in 3016ms
 GET / 200 in 3277ms
 GET /profile 200 in 3909ms
 GET /favicon.ico?favicon.bf3c9292.ico 200 in 335ms
 GET /favicon.ico?favicon.bf3c9292.ico 200 in 304ms
 GET /profile 200 in 453ms
 GET /profile 200 in 148ms
 GET /profile 200 in 114ms
 GET /profile 200 in 163ms
 GET /profile 200 in 2396ms
 GET /tasks 200 in 845ms
 GET /profile 200 in 177ms
 GET /settings 200 in 114ms
 GET /courses 200 in 117ms
 GET /leaderboard 200 in 118ms
 GET /tasks 200 in 115ms
 GET /tasks 200 in 119ms
 GET /dashboard 200 in 126ms
 GET /dashboard 200 in 137ms
 GET /dashboard 200 in 114ms
 GET /tasks 200 in 131ms
 GET /dashboard 200 in 107ms
 GET /tasks 200 in 115ms
 GET /dashboard 200 in 132ms
 GET /courses 200 in 120ms
 GET /dashboard 200 in 149ms
 GET /dashboard 200 in 292ms
 GET /favicon.ico?favicon.bf3c9292.ico 200 in 321ms
 GET /favicon.ico?favicon.bf3c9292.ico 200 in 278ms
 GET /leaderboard 200 in 169ms
 GET /teams 200 in 171ms
 GET /leaderboard 200 in 276ms
 GET /teams 200 in 217ms
 GET /robots.txt 404 in 1349ms
 GET /robots.txt 404 in 207ms
 GET /calendar 200 in 3759ms
 GET /robots.txt 404 in 2618ms
 GET /robots.txt 404 in 251ms
 GET /calendar 200 in 3784ms
 GET /robots.txt 404 in 1588ms
 GET /robots.txt 404 in 558ms
 GET / 200 in 1563ms
 GET /dashboard 200 in 466ms
 GET /dashboard 200 in 189ms
 GET /tasks 200 in 458ms
 GET /tasks 200 in 146ms
 GET /leaderboard 200 in 177ms
 GET /courses 200 in 146ms
 GET /tasks 200 in 118ms
 GET /dashboard 200 in 182ms
 GET /dashboard 200 in 2230ms
 GET /teams 200 in 470ms
 GET /favicon.ico?favicon.bf3c9292.ico 200 in 339ms
 GET /teams 200 in 4805ms
 GET /favicon.ico?favicon.bf3c9292.ico 200 in 434ms
 GET /robots.txt 404 in 2983ms
 GET /robots.txt 404 in 301ms
 GET /teams 200 in 3214ms
 GET /favicon.ico?favicon.bf3c9292.ico 200 in 383ms
 GET /favicon.ico?favicon.bf3c9292.ico 200 in 300ms
 GET /dashboard 200 in 3742ms
 GET /dashboard 200 in 4211ms
 GET /dashboard 200 in 730ms
 GET /dashboard 200 in 1498ms
 GET /robots.txt 404 in 1501ms
 GET /robots.txt 404 in 174ms
 GET /dashboard 200 in 4311ms
 GET /leaderboard 200 in 2622ms
 GET /dashboard 200 in 1670ms
 GET /dashboard 200 in 146ms
 GET /dashboard 200 in 2675ms
 GET /favicon.ico?favicon.bf3c9292.ico 200 in 532ms
 GET /dashboard 200 in 3514ms
 GET /robots.txt 404 in 3010ms
 GET /robots.txt 404 in 846ms
 GET /dashboard 200 in 2347ms
 GET /dashboard 200 in 4638ms
 GET /favicon.ico?favicon.bf3c9292.ico 200 in 534ms
 GET /dashboard 200 in 14414ms
 GET /teams 200 in 2984ms
 GET /teams 200 in 407ms
 GET /favicon.ico?favicon.bf3c9292.ico 200 in 1713ms
 GET /favicon.ico?favicon.bf3c9292.ico 200 in 290ms
 GET / 200 in 332ms
 GET /favicon.ico?favicon.bf3c9292.ico 200 in 286ms
 GET /tasks 200 in 135ms
 GET /leaderboard 200 in 120ms
 GET /teams 200 in 143ms
 GET /calendar 200 in 161ms
 GET /courses 200 in 119ms
 GET /courses 200 in 155ms
 GET /profile 200 in 502ms
 GET /dashboard 200 in 218ms
 GET /settings 200 in 165ms
 GET /profile 200 in 154ms
 GET / 200 in 596ms
 GET /favicon.ico?favicon.bf3c9292.ico 200 in 340ms
 GET /courses 200 in 215ms
 GET /calendar 200 in 221ms
 GET /teams 200 in 150ms
 GET /leaderboard 200 in 134ms
 GET /tasks 200 in 146ms
 GET /dashboard 200 in 165ms
 GET / 200 in 837ms
 GET /favicon.ico?favicon.bf3c9292.ico 200 in 371ms
 GET /robots.txt 404 in 3107ms
 GET /robots.txt 404 in 164ms
 GET /robots.txt 404 in 170ms
 GET /dashboard 200 in 5296ms
 GET / 200 in 2377ms
 GET / 200 in 558ms
